HOSTNAME: kelvin started on Thu Mar  5 17:34:48 2015

EXECUTED FILE: ./tcd3d.exe
VERSION: 1
GEOFILE: ../../ParMooN/data/Wuerfel.GEO
BNDFILE: ../../ParMooN/data/Wuerfel.PRM
MAPFILE: NO_MAP_FILE
LOGFILE: logfilead
OUTFILE: tcd3d_AMG.out
MESHGEN_ALLOW_EDGE_REF: 0
MESHGEN_REF_QUALITY: 30
ANSATZ_ORDER: 1
TEST_ORDER: 1
VELOCITY_SPACE: 1
PRESSURE_SPACE: -4711
PRESSURE_SEPARATION: 0
OMPNUMTHREADS: 1
LEVELS: 1
N_CELL_LAYERS: 1
UNIFORM_STEPS: 4
DRIFT_X: 0.000000e+00
DRIFT_Y: 0.000000e+00
DRIFT_Z: -6.000000e+01
REFINEMENT: 0
GRID_TYPE: 1
CHANNEL_GRID_STRETCH: 2.750000e+00
ADAPTIVE_REFINEMENT_CRITERION: 2
ERROR_CONTROL: 1
REFINE_STRATEGY: 0
MAX_CELL_LEVEL: 200
REFTOL: 5.000000e-01
COARSETOL: 0.000000e+00
MIN_FRACTION_TO_CHANGE: 1.000000e-01
DECREASE_REFTOL_FACTOR: 9.090900e-01
INCREASE_COARSETOL_FACTOR: 1.100000e+00
FRACTION_OF_ERROR: 2.500000e-01
CONVERT_QUAD_TO_TRI: 0
DISCTYPE: 1
INTL_DISCTYPE: 1
UPWIND_ORDER: 1
UPWIND_FLUX_DAMP: 1.000000e+00
UPWIND_APPLICATION: 0
SHISHKIN_MESH: 0
SHISHKIN_DIAM: 1.000000e+00
NSTYPE: 1
LAPLACETYPE: 0
USE_ISOPARAMETRIC: 0
VMM_COARSE_LEVEL: 4711
VMM_COARSE_SPACE_ORDER: 1
RFB_SUBMESH_LAYERS: 3
DEFECT_CORRECTION_TYPE: 0
CELL_MEASURE: 0
FACE_SIGMA: 1.000000e+00
WEAK_BC_SIGMA: 1.000000e+00
WEAK_BC: 0
RE_NR: 1.000000e+00
START_RE_NR: 1.000000e+02
RE_NR_INCREMENT: 5.000000e+00
FR_NR: 1.000000e+00
WB_NR: 1.000000e+00
PR_NR: 1.000000e+00
PE_NR: 1.000000e+00
BI_NR: 0.000000e+00
Axial3D: 0
Axial3DAxis: 0
STOKES_PROBLEM: 0
DELTA0: 1.000000e+00
SDFEM_POWER0: 1.000000e+00
SDFEM_TYPE: 2
SDFEM_NORM_B: 0
DELTA1: 0.000000e+00
ADJOINT_FACTOR_4_OMEGA_EQ_0: 1.000000e+01
SOLD_TYPE: 0
SOLD_PARAMETER_TYPE: 11
SOLD_CONST: 1.000000e+00
SOLD_POWER: 1.000000e+00
SOLD_S: 1.000000e+00
SOLD_U0: 1.000000e+00
SOLD_PARAMETER_SCALING: 0
SOLD_PARAMETER_SCALING_FACTOR: 1.000000e+00
FILTER_WIDTH_CONSTANT: 1.000000e+00
FILTER_WIDTH_POWER: 1.000000e+00
GAUSSIAN_GAMMA: 6.000000e+00
CONVOLUTE_SOLUTION: 0
TURBULENT_VISCOSITY_TYPE: 1
TURBULENT_VISCOSITY_TENSOR: 0
TURBULENT_VISCOSITY_CONSTANT: 1.000000e-02
TURBULENT_VISCOSITY_POWER: 3.000000e+00
TURBULENT_VISCOSITY_SIGMA: 2.000000e+00
ARTIFICIAL_VISCOSITY_CONSTANT: 1.000000e+00
ARTIFICIAL_VISCOSITY_POWER: 1.000000e+00
FRICTION_CONSTANT: 1.000000e+00
FRICTION_POWER: 0.000000e+00
FRICTION_TYPE: 0
FRICTION_U0: 1.000000e+00
PENETRATION_CONSTANT: 1.000000e+12
PENETRATION_POWER: -2.000000e+00
DIV_DIV_STAB_TYPE: 0
DIV_DIV_STAB_C1: 2.000000e+00
DIV_DIV_STAB_C2: 1.000000e+00
NSE_NONLINEAR_FORM: 0
LP_FULL_GRADIENT: 1
LP_STREAMLINE: 0
LP_DIVERGENCE: 0
LP_PRESSURE: 0
LP_FULL_GRADIENT_COEFF: 1.000000e+00
LP_STREAMLINE_COEFF: 1.000000e-03
LP_DIVERGENCE_COEFF: 1.000000e+00
LP_PRESSURE_COEFF: 1.000000e+00
LP_FULL_GRADIENT_EXPONENT: 1.000000e+00
LP_STREAMLINE_EXPONENT: 1.000000e+00
LP_DIVERGENCE_EXPONENT: 1.000000e+00
LP_PRESSURE_EXPONENT: 1.000000e+00
LP_ORDER_DIFFERENCE: 1
LP_FULL_GRADIENT_ORDER_DIFFERENCE: -123
LP_STREAMLINE_ORDER_DIFFERENCE: 1
LP_DIVERGENCE_ORDER_DIFFERENCE: -123
LP_PRESSURE_ORDER_DIFFERENCE: -123
PSBASENAME: tmp.
GRAPEBASENAME: MooN_MD_default_grapebasefile
GNUBASENAME: MooN_MD_default_gnubasefile
GMVBASENAME: DATA_TMP/urea.RE_1.
VTKBASENAME: Cube
SAVE_DATA_FILENAME: DATA_TMP/testurea_gal_210.dt01.exp30ml.lap0.aggr.wout.nuc.
READ_DATA_FILENAME: INITIALS/urea_gal_210.dt01.exp30ml.lap0
READGRAPEBASENAME: PBS_Urea
SOLVER_TYPE: 0
WRITE_PS: 0
WRITE_GRAPE: 0
WRITE_GMV: 0
WRITE_AMIRA: 0
WRITE_GNU: 0
WRITE_AMIRA: 0
WRITE_VTK: 1
WRITE_MATLAB_MATRIX: 0
WRITE_MATLAB: 0
SAVE_DATA: 0
READ_DATA: 2
MEASURE_ERRORS: 1
ESTIMATE_ERRORS: 0
SOLVE_ADJOINT_PROBLEM: 0
COMPUTE_VORTICITY_DIVERGENCE: 0
READ_GRAPE_FILE: 0
P0: 0.000000e+00
P1: 2.040000e-01
P2: 5.180000e-01
P3: 0.000000e+00
P4: 1.000000e-03
P5: 0.000000e+00
P6: 0.000000e+00
P7: 2.300000e+02
P8: 5.900000e+02
P9: 2.000000e+00
P10: 0.000000e+00
P11: 2.000000e-03
P12: 1.000000e-03
P13: 0.000000e+00
P14: 0.000000e+00
P15: 0.000000e+00
PBE_P0: 0
PBE_P1: 0
PBE_P2: 0
PBE_P3: 0
PBE_P4: 0
PBE_P5: 0
PBE_P6: 0
PBE_P7: 0
PBE_P8: 0
PBE_P9: 0
DG_P0: 0.000000e+00
DG_P1: 0.000000e+00
DG_P2: 0.000000e+00
DG_P3: 0.000000e+00
DG_P4: 0.000000e+00
DG_P5: 0.000000e+00
DG_P6: 0.000000e+00
DG_P7: 0.000000e+00
DG_P8: 0.000000e+00
DG_P9: 0.000000e+00
VORTICITY THICKNESS FOR MIXING LAYER (P8): 5.900000e+02
*********** PARAMETERS FOR SCALAR SOLVER ***********
SC_NONLIN_ITE_TYPE_SCALAR: 0
SC_NONLIN_MAXIT_SCALAR: 10000
SC_NONLIN_RES_NORM_MIN_SCALAR: 1.000000e-10
SC_NONLIN_DAMP_FACTOR_SCALAR: 1.000000e+00
SC_SOLVER_SCALAR: 11
SC_PRECONDITIONER_SCALAR: 5
SC_LIN_RED_FACTOR_SCALAR: 0.000000e+00
SC_LIN_RES_NORM_MIN_SCALAR: 1.000000e-11
SC_LIN_MAXIT_SCALAR: 100
SC_LIN_RED_FACTOR_SCALAR_SOLD: 0.000000e+00
SC_LIN_RES_NORM_MIN_SCALAR_SOLD: 1.000000e-11
SC_LIN_MAXIT_SCALAR_SOLD: 100
SC_NONLIN_ITE_ADJOINT: 1000
SC_MG_TYPE_SCALAR: 1
SC_MG_CYCLE_SCALAR: 1
SC_SMOOTHER_SCALAR: 2
SC_PRE_SMOOTH_SCALAR: 2
SC_POST_SMOOTH_SCALAR: 2
SC_SMOOTH_DAMP_FACTOR_SCALAR: 1.000000e+00
SC_SMOOTH_DAMP_FACTOR_FINE_SCALAR: 1.000000e+00
SC_SMOOTH_DAMP_FACTOR_COARSE_SCALAR: 1.000000e+00
SC_COARSE_SMOOTHER_SCALAR: 3
SC_COARSE_MAXIT_SCALAR: 10
SC_COARSE_RED_FACTOR_SCALAR: 1.000000e-01
SC_GMG_DAMP_FACTOR_SCALAR: 1.000000e+00
SC_GMG_DAMP_FACTOR_FINE_SCALAR: 1.000000e+00
SC_COARSEST_LEVEL_SCALAR: 0
SC_FIRST_SOLUTION_LEVEL_SCALAR: 0
SC_STEP_LENGTH_CONTROL_FINE_SCALAR: 0
SC_STEP_LENGTH_CONTROL_ALL_SCALAR: 0
*********** PARAMETERS FOR SADDLE POINT SOLVER ***********
SC_NONLIN_ITE_TYPE_SADDLE: 0
SC_NONLIN_MAXIT_SADDLE: 1
SC_NONLIN_RES_NORM_MIN_SADDLE: 1.000000e-06
SC_NONLIN_DAMP_FACTOR_SADDLE: 1.000000e+00
SC_NONLIN_RES_NORM_MIN_SCALE_SADDLE: 0
SC_SOLVER_SADDLE: 16
SC_PRECONDITIONER_SADDLE: 5
SC_LIN_RED_FACTOR_SADDLE: 1.000000e-01
SC_LIN_RES_NORM_MIN_SADDLE: 8.000000e-09
SC_LIN_MAXIT_SADDLE: 5
SC_MG_TYPE_SADDLE: 0
SC_MG_CYCLE_SADDLE: 0
SC_SMOOTHER_SADDLE: 2
SC_PRE_SMOOTH_SADDLE: 1
SC_POST_SMOOTH_SADDLE: 1
SC_SMOOTH_DAMP_FACTOR_SADDLE: 1.000000e+00
SC_SMOOTH_DAMP_FACTOR_FINE_SADDLE: 1.000000e+00
SC_SMOOTH_DAMP_FACTOR_COARSE_SADDLE: 1.000000e+00
SC_COARSE_SMOOTHER_SADDLE: 2
SC_COARSE_MAXIT_SADDLE: 20
SC_COARSE_RED_FACTOR_SADDLE: 1.000000e-01
SC_GMG_DAMP_FACTOR_SADDLE: 1.000000e+00
SC_GMG_DAMP_FACTOR_FINE_SADDLE: 1.000000e+00
SC_COARSEST_LEVEL_SADDLE: 1
SC_FIRST_SOLUTION_LEVEL_SADDLE: 0
SC_STEP_LENGTH_CONTROL_FINE_SADDLE: 0
SC_STEP_LENGTH_CONTROL_ALL_SADDLE: 1
SC_LARGEST_DIRECT_SOLVE: 100
SC_DOWNWIND_TYPE: 0
CC_ALPHA: 3.333333e-01
CC_BETA: 1.000000e-05
CC_MINCLUSTER: 4
CC_MAXCLUSTER: 6
CC_MAXDISTANCE: 2
CC_MAXCONNECTIVITY: 15
CC_DEPTHTARGET: 20
CC_COARSENTARGET: 200
CC_COARSENRATE: 1.200000e+00
CC_MAJOR: -1
CC_DEPENDENCY: 1
CC_RESCALE: 1.800000e+00
CC_VERBOSE: 0
SC_SYSTEM_TYPE: 0
SC_AMG_PREC_IT: 1
SC_AMG_PREC_RED_FACTOR: 5.000000e-01
SC_SMOOTHER_RED_FACTOR: 1.000000e-01
SC_EX_MAXIT: 0
SC_GMRES_RESTART: 20
SC_LCD_START_VECTOR: 0
SC_ILU_BETA: 0.000000e+00
SC_SOR_OMEGA: 1.500000e+00
SC_OMEGA_COARSE_0: 1.000000e-02
SC_OMEGA_P_0: 1.000000e+00
SC_ILUT_TOL: 1.000000e-04
SC_ILUT_ABSOLUTE_FILLIN: 1
SC_ILUT_RELATIVE_FILLIN: 1.000000e+00
SC_ILUT_SORT: 1
SC_SCHUR_INV_OF_A: 5
SC_SCHUR_INV_OF_A_MAXIT: 1
SC_SCHUR_ITERATION_DAMP: 5.000000e-01
SC_SCHUR_ITERATION_MAXIT: 10
SC_SCHUR_STEP_LENGTH_CONTROL: 1
SC_MIXED_BCGS_CGS_SWITCH_TOL: 100
SC_DIV_FACTOR: 1.000000e+10
SC_SMOOTHING_STEPS: 0
SC_N1_PARAM: 1
SC_N2_PARAM: 1
SC_MINIT: 0
SC_VAS_LAZ_DELTA: 1.000000e+00
SC_ROW_EQUILIBRATION: 0
SC_BRAESS_SARAZIN_MATRIX: 0
SC_BRAESS_SARAZIN_ALPHA: 3.000000e+00
SC_VERBOSE: 0
SC_VERBOSE_AMG: 0
CHAR_L0: 1.000000e+00
D_VISCOSITY: 1.000000e+00
SURF_TENSION: 0.000000e+00
IMPACT_ANGLE: 9.000000e+01
Area: 1.000000e+00
VMS_LARGE_VELOCITY_SPACE: 17
VMS_COARSE_MG_SMAGO: 1
VMS_ADAPT_LOWER: 5.000000e-01
VMS_ADAPT_MIDDLE: 1.100000e+00
VMS_ADAPT_UPPER: 2.000000e+00
VMS_ADAPT_STEPS: 1
VMS_ADAPT_COMP: 1
SUPERCONVERGENCE_ORDER: 0
FEM_FCT_LINEAR_TYPE: 1
FEM_FCT_PRELIMITING: 0
NC_TYPE: 3
CHANNEL_STATISTICS2_WITH_MODEL: 0
BULK_REACTION_DISC: 1
BULK_PB_DISC: 3
BULK_PB_DISC_STAB: 1
BULK_COUPLING: 1
BULK_GROWTH_RATE: 1
BULK_REACTION_MASS_LUMPING: 0
BULK_REACTION_C_CUT: 6.000000e+00
BULK_METHODS_OF_MOMENTS: 0
BULK_MOM_DISC: 2
BULK_SOLD_PARAMETER_TYPE: 51
N_CELL_LAYERS_PSD: 200
OUTPUT_NODE_LAYER_PSD: 1
BULK_l_infty: 1.000000e+00
BULK_u_infty: 1.000000e-03
BULK_c_infty: 1.000000e+00
BULK_c_C_infty_sat: 1.370000e-04
BULK_C_g: 4.598000e+01
BULK_C_nuc: 1.533000e+01
BULK_C_sat: 1.370000e-04
BULK_C_2: 7.200000e-09
BULK_D_A: 1.500000e-09
BULK_D_P_0: 1.000000e-09
BULK_D_P_MAX: 1.000000e-03
BULK_k_g: 1.000000e-07
BULK_k_r: 1.000000e-02
BULK_k_nuc: 1.000000e+24
SSMUM_MP_X: 5.000000e-01
SSMUM_MP_Y: 5.000000e-01
SSMUM_INNER_RADIUS: 2.500000e-01
SSMUM_OUTER_RADIUS: 3.500000e-01
SSMUM_ROT_PER_SECOND: 5.000000e-01
SSMUM_MAX_CELLS_LAYERS: 1024
SSMUM_INTERPOLATION: 0
HEAT_TANGENTIAL_STRESS_FACTOR: 0.000000e+00
HEAT_SOLID_SURFACE_FACTOR: 1.000000e+00
EQ_CONTACT_ANGLE: 0.000000e+00
AD_CONTACT_ANGLE: 0.000000e+00
RE_CONTACT_ANGLE: 0.000000e+00
DY_CONTACT_ANGLE: 0.000000e+00
CONTACT_ANGLE_TYPE: 0
CURRENTTIME: 0.000000e+00
CURRENTTIMESTEPLENGTH: 1.000000e+00
TIMESTEPLENGTH: 1.082532e-01
MIN_TIMESTEPLENGTH: 1.000000e-04
MAX_TIMESTEPLENGTH: 5.000000e-01
TIMESTEPLENGTH_TOL: 1.000000e-03
TIMESTEPLENGTH_CONTROL: 0
RESET_CURRENTTIME: 0
RESET_CURRENTTIME_STARTTIME: 0.000000e+00
STEADY_STATE_TOL: 1.000000e-03
SCALE_DIVERGENCE_CONSTRAINT: 1.000000e+00
THETA1: 1.000000e+00
THETA2: 0.000000e+00
THETA3: 0.000000e+00
THETA4: 1.000000e+00
TIME_DISC: 2
TIME_DISC2: -1
STARTTIME: 0.000000e+00
ENDTIME: 2.000000e+00
T0: 0.000000e+00
T1: 0.000000e+00
T2: 0.000000e+00
T3: 0.000000e+00
T4: 0.000000e+00
T5: 0.000000e+00
T6: 0.000000e+00
T7: 0.000000e+00
T8: 0.000000e+00
T9: 0.000000e+00
STEPS_PER_IMAGE: 100
RB_TYPE: 3
RB_TYPE2: -1
EXTRAPOLATE_VELOCITY: 0
EXTRAPOLATE_PRESSURE: 0
EXTRAPOLATE_STEPS: 0.000000e+00
EXTRAPOLATE_WEIGHT: 1.000000e+00
Example: amc.h
N_Cells   : 4096
Dof all   : 4913

Number of rows: 4913
Number of columns: 4913
Number of matrix entries: 92663

Quadrature formula for hexahedra is Gauss3
wrote output into vtk file: VTK/Cube.00001.vtk
time: 0.000000e+00 L2: 3.503511e-03 H1-semi: 1.166985e+00
h_min : 1.082532e-01 h_max : 1.082532e-01
Theta1: 5.000000e-01
Theta2: 5.000000e-01
Theta3: 5.000000e-01
Theta4: 5.000000e-01

CURRENT TIME: 1.082532e-01
AMG solver - reordering matrix structure, diagonal first
call AMG main
FixedPoint iteration : iterations 7 residual 5.59077e-12 
AMG solver - reordering matrix structure redone
wrote output into vtk file: VTK/Cube.00002.vtk
time: 1.082532e-01 L2: 2.778157e-03 H1-semi: 1.154638e+00
Linfty 2.778157e-03

CURRENT TIME: 2.165064e-01
AMG solver - reordering matrix structure, diagonal first
call AMG main
FixedPoint iteration : iterations 7 residual 7.75437e-12 
AMG solver - reordering matrix structure redone
time: 2.165064e-01 L2: 3.216042e-03 H1-semi: 1.142051e+00
2.165064e-01 L2(0,T;L2) 9.887289e-04 L2(0,T;H1) 3.778323e-01
Linfty 3.216042e-03

CURRENT TIME: 3.247595e-01
AMG solver - reordering matrix structure, diagonal first
call AMG main
FixedPoint iteration : iterations 7 residual 5.95958e-12 
AMG solver - reordering matrix structure redone
time: 3.247595e-01 L2: 2.842536e-03 H1-semi: 1.129862e+00
3.247595e-01 L2(0,T;L2) 1.405260e-03 L2(0,T;H1) 5.314611e-01
Linfty 3.216042e-03

CURRENT TIME: 4.330127e-01
AMG solver - reordering matrix structure, diagonal first
call AMG main
FixedPoint iteration : iterations 7 residual 7.17065e-12 
AMG solver - reordering matrix structure redone
time: 4.330127e-01 L2: 3.054220e-03 H1-semi: 1.117619e+00
4.330127e-01 L2(0,T;L2) 1.707925e-03 L2(0,T;H1) 6.474228e-01
Linfty 3.216042e-03

CURRENT TIME: 5.412659e-01
AMG solver - reordering matrix structure, diagonal first
call AMG main
FixedPoint iteration : iterations 7 residual 6.09841e-12 
AMG solver - reordering matrix structure redone
time: 5.412659e-01 L2: 2.841846e-03 H1-semi: 1.105642e+00
5.412659e-01 L2(0,T;L2) 1.964445e-03 L2(0,T;H1) 7.435933e-01
Linfty 3.216042e-03

CURRENT TIME: 6.495191e-01
AMG solver - reordering matrix structure, diagonal first
call AMG main
FixedPoint iteration : iterations 7 residual 6.82293e-12 
AMG solver - reordering matrix structure redone
time: 6.495191e-01 L2: 2.945729e-03 H1-semi: 1.093695e+00
6.495191e-01 L2(0,T;L2) 2.183083e-03 L2(0,T;H1) 8.269476e-01
Linfty 3.216042e-03

CURRENT TIME: 7.577722e-01
AMG solver - reordering matrix structure, diagonal first
call AMG main
FixedPoint iteration : iterations 7 residual 6.12484e-12 
AMG solver - reordering matrix structure redone
time: 7.577722e-01 L2: 2.810479e-03 H1-semi: 1.081952e+00
7.577722e-01 L2(0,T;L2) 2.379718e-03 L2(0,T;H1) 9.010818e-01
Linfty 3.216042e-03

CURRENT TIME: 8.660254e-01
AMG solver - reordering matrix structure, diagonal first
call AMG main
FixedPoint iteration : iterations 7 residual 6.55808e-12 
AMG solver - reordering matrix structure redone
time: 8.660254e-01 L2: 2.861461e-03 H1-semi: 1.070277e+00
8.660254e-01 L2(0,T;L2) 2.556126e-03 L2(0,T;H1) 9.681486e-01
Linfty 3.216042e-03

CURRENT TIME: 9.742786e-01
AMG solver - reordering matrix structure, diagonal first
call AMG main
FixedPoint iteration : iterations 7 residual 6.06731e-12 
AMG solver - reordering matrix structure redone
time: 9.742786e-01 L2: 2.765374e-03 H1-semi: 1.058774e+00
9.742786e-01 L2(0,T;L2) 2.718619e-03 L2(0,T;H1) 1.029558e+00
Linfty 3.216042e-03

CURRENT TIME: 1.082532e+00
AMG solver - reordering matrix structure, diagonal first
call AMG main
FixedPoint iteration : iterations 7 residual 6.36318e-12 
AMG solver - reordering matrix structure redone
time: 1.082532e+00 L2: 2.789048e-03 H1-semi: 1.047358e+00
1.082532e+00 L2(0,T;L2) 2.868074e-03 L2(0,T;H1) 1.086296e+00
Linfty 3.216042e-03

CURRENT TIME: 1.190785e+00
AMG solver - reordering matrix structure, diagonal first
call AMG main
FixedPoint iteration : iterations 7 residual 5.97923e-12 
AMG solver - reordering matrix structure redone
time: 1.190785e+00 L2: 2.714375e-03 H1-semi: 1.036094e+00
1.190785e+00 L2(0,T;L2) 3.007604e-03 L2(0,T;H1) 1.139087e+00
Linfty 3.216042e-03

CURRENT TIME: 1.299038e+00
AMG solver - reordering matrix structure, diagonal first
call AMG main
FixedPoint iteration : iterations 7 residual 6.1942e-12 
AMG solver - reordering matrix structure redone
time: 1.299038e+00 L2: 2.723013e-03 H1-semi: 1.024927e+00
1.299038e+00 L2(0,T;L2) 3.137804e-03 L2(0,T;H1) 1.188479e+00
Linfty 3.216042e-03

CURRENT TIME: 1.407291e+00
AMG solver - reordering matrix structure, diagonal first
call AMG main
FixedPoint iteration : iterations 7 residual 5.87688e-12 
AMG solver - reordering matrix structure redone
time: 1.407291e+00 L2: 2.661078e-03 H1-semi: 1.013902e+00
1.407291e+00 L2(0,T;L2) 3.260436e-03 L2(0,T;H1) 1.234902e+00
Linfty 3.216042e-03

CURRENT TIME: 1.515544e+00
AMG solver - reordering matrix structure, diagonal first
call AMG main
FixedPoint iteration : iterations 7 residual 6.0404e-12 
AMG solver - reordering matrix structure redone
time: 1.515544e+00 L2: 2.660838e-03 H1-semi: 1.002977e+00
1.515544e+00 L2(0,T;L2) 3.375937e-03 L2(0,T;H1) 1.278700e+00
Linfty 3.216042e-03

CURRENT TIME: 1.623798e+00
AMG solver - reordering matrix structure, diagonal first
call AMG main
FixedPoint iteration : iterations 7 residual 5.76802e-12 
AMG solver - reordering matrix structure redone
time: 1.623798e+00 L2: 2.607152e-03 H1-semi: 9.921850e-01
1.623798e+00 L2(0,T;L2) 3.485410e-03 L2(0,T;H1) 1.320154e+00
Linfty 3.216042e-03

CURRENT TIME: 1.732051e+00
AMG solver - reordering matrix structure, diagonal first
call AMG main
FixedPoint iteration : iterations 7 residual 5.89645e-12 
AMG solver - reordering matrix structure redone
time: 1.732051e+00 L2: 2.601318e-03 H1-semi: 9.814957e-01
1.732051e+00 L2(0,T;L2) 3.589187e-03 L2(0,T;H1) 1.359497e+00
Linfty 3.216042e-03

CURRENT TIME: 1.840304e+00
AMG solver - reordering matrix structure, diagonal first
call AMG main
FixedPoint iteration : iterations 7 residual 5.65644e-12 
AMG solver - reordering matrix structure redone
time: 1.840304e+00 L2: 2.553392e-03 H1-semi: 9.709338e-01
1.840304e+00 L2(0,T;L2) 3.688011e-03 L2(0,T;H1) 1.396925e+00
Linfty 3.216042e-03

CURRENT TIME: 1.948557e+00
AMG solver - reordering matrix structure, diagonal first
call AMG main
FixedPoint iteration : iterations 7 residual 5.75959e-12 
AMG solver - reordering matrix structure redone
time: 1.948557e+00 L2: 2.543839e-03 H1-semi: 9.604746e-01
1.948557e+00 L2(0,T;L2) 3.782139e-03 L2(0,T;H1) 1.432606e+00
Linfty 3.216042e-03

CURRENT TIME: 2.056810e+00
AMG solver - reordering matrix structure, diagonal first
call AMG main
FixedPoint iteration : iterations 7 residual 5.54413e-12 
AMG solver - reordering matrix structure redone
time: 2.056810e+00 L2: 2.500189e-03 H1-semi: 9.501380e-01
2.056810e+00 L2(0,T;L2) 3.872103e-03 L2(0,T;H1) 1.466682e+00
Linfty 3.216042e-03
wrote output into vtk file: VTK/Cube.00003.vtk
