SC_SMOOTHER_SADDLE changed to 4 because of continuous pressure
SC_COARSE_SMOOTHER_SADDLE changed to 4 because of continuous pressure
HOSTNAME: gauss.site started on Thu Oct 22 01:10:30 2015

EXECUTED FILE: ./triangletest.bin
VERSION: 1
GEOFILE: ../../ParMooN/data/UnitSquare.GEO
BNDFILE: ../../ParMooN/data/UnitSquare.PRM
MAPFILE: NO_MAP_FILE
OUTFILE: tnse2d.out
PROBLEM_TYPE: 0
EXAMPLE: -1
profiling: 0
MapperType: 1
DSType: 1
MESHGEN_ALLOW_EDGE_REF: 0
MESHGEN_REF_QUALITY: 30
ANSATZ_ORDER: 2
TEST_ORDER: 2
VELOCITY_SPACE: 2
PRESSURE_SPACE: -4711
PRESSURE_SEPARATION: 0
OMPNUMTHREADS: 1
LEVELS: 1000
N_CELL_LAYERS: 1
UNIFORM_STEPS: 4
DRIFT_X: 0.000000e+00
DRIFT_Y: 0.000000e+00
DRIFT_Z: 4.100000e-01
REFINEMENT: 0
GRID_TYPE: 0
GRID_TYPE_1: 0
GRID_TYPE_2: 0
CHANNEL_GRID_STRETCH: 2.750000e+00
ADAPTIVE_REFINEMENT_CRITERION: 3
ERROR_CONTROL: 1
REFINE_STRATEGY: 0
MAX_CELL_LEVEL: 1000
REFTOL: 5.000000e-01
COARSETOL: 0.000000e+00
MIN_FRACTION_TO_CHANGE: 1.000000e-01
DECREASE_REFTOL_FACTOR: 8.000000e-01
INCREASE_COARSETOL_FACTOR: 1.100000e+00
FRACTION_OF_ERROR: 2.500000e-01
CONVERT_QUAD_TO_TRI: 0
DISCTYPE: 9
INTL_DISCTYPE: 1
UPWIND_ORDER: 0
UPWIND_FLUX_DAMP: 1.000000e+00
UPWIND_APPLICATION: 0
SHISHKIN_MESH: 0
SHISHKIN_DIAM: 1.000000e+00
NSTYPE: 4
DARCYTYPE: 1
SIGMA_PERM: 1.000000e+00
LAPLACETYPE: 1
USE_ISOPARAMETRIC: 1
VMM_COARSE_LEVEL: 4711
VMM_COARSE_SPACE_ORDER: 1
RFB_SUBMESH_LAYERS: 3
DEFECT_CORRECTION_TYPE: 0
CELL_MEASURE: 0
FACE_SIGMA: 1.000000e+00
WEAK_BC_SIGMA: 1.000000e+00
WEAK_BC: 0
RE_NR: 1.000000e+00
RA_NR: 1.000000e+00
ROSSBY_NR: 0.000000e+00
START_RE_NR: 1.000000e+00
RE_NR_INCREMENT: 1.000000e+00
FLOW_PROBLEM_TYPE: 0
FR_NR: 1.000000e+00
WB_NR: 1.000000e+00
PR_NR: 1.000000e+00
PE_NR: 1.000000e+00
BI_NR: 0.000000e+00
Axial3D: 0
Axial3DAxis: 0
DELTA0: 0.000000e+00
SDFEM_POWER0: 1.000000e+00
SDFEM_TYPE: 2
SDFEM_NORM_B: 0
DELTA1: 0.000000e+00
CIP_TYPE: 0
ADJOINT_FACTOR_4_OMEGA_EQ_0: 1.000000e+01
SOLD_TYPE: 0
SOLD_PARAMETER_TYPE: 11
SOLD_CONST: 1.000000e+00
SOLD_POWER: 1.000000e+00
SOLD_S: 1.000000e+00
SOLD_U0: 1.000000e+00
SOLD_PARAMETER_SCALING: 0
SOLD_PARAMETER_SCALING_FACTOR: 1.000000e+00
FILTER_WIDTH_CONSTANT: 2.000000e+00
FILTER_WIDTH_POWER: 1.000000e+00
GAUSSIAN_GAMMA: 6.000000e+00
CONVOLUTE_SOLUTION: 0
TURBULENT_VISCOSITY_TYPE: 1
TURBULENT_VISCOSITY_TENSOR: 0
TURBULENT_VISCOSITY_CONSTANT: 1.000000e-02
TURBULENT_VISCOSITY_POWER: 1.000000e+00
TURBULENT_VISCOSITY_SIGMA: 6.000000e+00
ARTIFICIAL_VISCOSITY_CONSTANT: 1.000000e+00
ARTIFICIAL_VISCOSITY_POWER: 1.000000e+00
FRICTION_CONSTANT: 1.000000e+00
FRICTION_POWER: 0.000000e+00
FRICTION_TYPE: 0
FRICTION_U0: 1.000000e+00
PENETRATION_CONSTANT: 0.000000e+00
PENETRATION_POWER: 0.000000e+00
DIV_DIV_STAB_TYPE: 0
DIV_DIV_STAB_C1: 2.000000e+00
DIV_DIV_STAB_C2: 1.000000e+00
NSE_NONLINEAR_FORM: 2
OSEEN_ZERO_ORDER_COEFF: 0.000000e+00
LP_FULL_GRADIENT: 0
LP_STREAMLINE: 0
LP_DIVERGENCE: 0
LP_PRESSURE: 0
LP_COEFF_TYPE: 0
LP_FULL_GRADIENT_COEFF: 0.000000e+00
LP_STREAMLINE_COEFF: 0.000000e+00
LP_DIVERGENCE_COEFF: 0.000000e+00
LP_PRESSURE_COEFF: 0.000000e+00
LP_FULL_GRADIENT_EXPONENT: 1.000000e+00
LP_STREAMLINE_EXPONENT: 1.000000e+00
LP_DIVERGENCE_EXPONENT: 1.000000e+00
LP_PRESSURE_EXPONENT: 1.000000e+00
LP_ORDER_DIFFERENCE: 1
LP_FULL_GRADIENT_ORDER_DIFFERENCE: 1
LP_STREAMLINE_ORDER_DIFFERENCE: 1
LP_DIVERGENCE_ORDER_DIFFERENCE: 1
LP_PRESSURE_ORDER_DIFFERENCE: 1
SOLVE_ADJOINT_PROBLEM: 0
SOLD_ADJOINT: 0
N_STAGES_ADJOINT: 1
SC_NONLIN_ITE_ADJOINT: 1000
OPTIMIZATION_ITE_TYPE_ADJOINT: 0
BFGS_VECTORS_ADJOINT: 25
RELATIVE_DECREASE_ADJOINT: 1.000000e-04
PENALTY_ADJOINT: 0
PENALTY_VALUE_AT_ZERO_ADJOINT: 1.000000e+06
PENALTY_SMALLEST_PARAM_FAC_ADJOINT: 1.000000e-02
PENALTY_LARGEST_PARAM_FAC_ADJOINT: 1.000000e+01
WEIGHT_RESIDUAL_L1_ADJOINT: 0.000000e+00
WEIGHT_RESIDUAL_L2_ADJOINT: 1.000000e+00
WEIGHT_GRADIENT_L1_ADJOINT: 0.000000e+00
WEIGHT_GRADIENT_L2_ADJOINT: 0.000000e+00
WEIGHT_STREAM_DER_L1_ADJOINT: 0.000000e+00
WEIGHT_STREAM_DER_ORTHO_L1_ADJOINT: 0.000000e+00
WEIGHT_STREAM_DER_ORTHO_L1_SQRT_ADJOINT: 0.000000e+00
REG_POINT_STREAM_DER_ORTHO_L1_SQRT_ADJOINT: 1.000000e+00
WEIGHT_RESIDUAL_LP_ADJONT: 0.000000e+00
WEIGHT_RESIDUAL_EXP_LP_ADJONT: 0.000000e+00
WEIGHT_RESIDUAL_CW_ADJOINT: 0.000000e+00
RESIDUAL_LP_ADJONT: 2.000000e+00
MIN_VAL_ADJOINT: -1.000000e+20
MAX_VAL_ADJOINT: 1.000000e+20
MIN_MAX_EXPONENT_ONE_ADJOINT: 1.000000e+00
MIN_MAX_EXPONENT_TWO_ADJOINT: 1.000000e+00
MIN_MAX_FACTOR_ONE_ADJOINT: 1.000000e+00
MIN_MAX_FACTOR_TWO_ADJOINT: 1.000000e+00
MIN_MAX_ADJOINT: 0
BASENAME: MooN_MD_default_basefile
VTKBASENAME: unitsquare
SAVE_DATA_FILENAME: MooN_MD_default_save_data_filename
READ_DATA_FILENAME: MooN_MD_default_read_data_filename
POD_FILENAME: MooNMD_default_pod_filename
SNAP_FILENAME: MooNMD_default_snap_filename
SOLVER_TYPE: 1
WRITE_PS: 0
WRITE_GRAPE: 0
WRITE_GMV: 0
WRITE_AMIRA: 0
WRITE_GNU: 0
WRITE_AMIRA: 0
WRITE_VTK: 0
WRITE_SNAPSHOTS: 0
WRITE_MATLAB_MATRIX: 0
WRITE_MATLAB: 0
SAVE_DATA: 0
READ_DATA: 0
MEASURE_ERRORS: 1
ESTIMATE_ERRORS: 0
SOLVE_ADJOINT_PROBLEM: 0
COMPUTE_VORTICITY_DIVERGENCE: 0
READ_GRAPE_FILE: 0
BUILD_PODFILE:0
POD_FLUCT_FIELD:0
POD_FLUCT_FIELD_P:0
PROJECTION_METHOD:1
P0: 0.000000e+00
P1: 0.000000e+00
P2: 1.000000e+00
P3: 0.000000e+00
P4: 0.000000e+00
P5: 0.000000e+00
P6: 0.000000e+00
P7: 0.000000e+00
P8: 0.000000e+00
P9: 0.000000e+00
P10: 0.000000e+00
P11: 0.000000e+00
P12: 0.000000e+00
P13: 0.000000e+00
P14: 0.000000e+00
P15: 0.000000e+00
PBE_P0: 0
PBE_P1: 0
PBE_P2: 0
PBE_P3: 1
PBE_P4: 0
PBE_P5: 0
PBE_P6: 0
PBE_P7: 0
PBE_P8: 0
PBE_P9: 0
DG_P0: 0.000000e+00
DG_P1: 0.000000e+00
DG_P2: 0.000000e+00
DG_P3: 0.000000e+00
DG_P4: 0.000000e+00
DG_P5: 0.000000e+00
DG_P6: 0.000000e+00
DG_P7: 0.000000e+00
DG_P8: 0.000000e+00
DG_P9: 0.000000e+00
VORTICITY THICKNESS FOR MIXING LAYER (P8): 0.000000e+00
*********** PARAMETERS FOR SCALAR SOLVER ***********
SC_NONLIN_ITE_TYPE_SCALAR: 0
SC_NONLIN_MAXIT_SCALAR: 10000
SC_NONLIN_RES_NORM_MIN_SCALAR: 1.000000e-10
SC_NONLIN_DAMP_FACTOR_SCALAR: 1.000000e+00
SC_SOLVER_SCALAR: 16
SC_PRECONDITIONER_SCALAR: 5
SC_LIN_RED_FACTOR_SCALAR: 0.000000e+00
SC_LIN_RES_NORM_MIN_SCALAR: 1.000000e-10
SC_LIN_MAXIT_SCALAR: 10000
SC_LIN_RED_FACTOR_SCALAR_SOLD: 0.000000e+00
SC_LIN_RES_NORM_MIN_SCALAR_SOLD: 1.000000e-10
SC_LIN_MAXIT_SCALAR_SOLD: 10000
SC_FLEXIBLE_KRYLOV_SPACE_SOLVER: 1
SC_NONLIN_ITE_ADJOINT: 1000
SC_MG_TYPE_SCALAR: 0
SC_MG_CYCLE_SCALAR: 1
SC_SMOOTHER_SCALAR: 3
SC_PRE_SMOOTH_SCALAR: 2
SC_POST_SMOOTH_SCALAR: 2
SC_SMOOTH_DAMP_FACTOR_SCALAR: 1.000000e+00
SC_SMOOTH_DAMP_FACTOR_FINE_SCALAR: 1.000000e+00
SC_SMOOTH_DAMP_FACTOR_COARSE_SCALAR: 1.000000e+00
SC_COARSE_SMOOTHER_SCALAR: 3
SC_COARSE_MAXIT_SCALAR: 10
SC_COARSE_RED_FACTOR_SCALAR: 1.000000e-01
SC_GMG_DAMP_FACTOR_SCALAR: 1.000000e+00
SC_GMG_DAMP_FACTOR_FINE_SCALAR: 1.000000e+00
SC_COARSEST_LEVEL_SCALAR: 0
SC_FIRST_SOLUTION_LEVEL_SCALAR: 0
SC_STEP_LENGTH_CONTROL_FINE_SCALAR: 0
SC_STEP_LENGTH_CONTROL_ALL_SCALAR: 1
*********** PARAMETERS FOR SADDLE POINT SOLVER ***********
SC_NONLIN_ITE_TYPE_SADDLE: 0
SC_NONLIN_MAXIT_SADDLE: 2
SC_NONLIN_RES_NORM_MIN_SADDLE: 1.000000e-10
SC_NONLIN_DAMP_FACTOR_SADDLE: 1.000000e+00
SC_NONLIN_RES_NORM_MIN_SCALE_SADDLE: 0
SC_SOLVER_SADDLE: 16
SC_PRECONDITIONER_SADDLE: 5
SC_LIN_RED_FACTOR_SADDLE: 0.000000e+00
SC_LIN_RES_NORM_MIN_SADDLE: 1.000000e-10
SC_LIN_MAXIT_SADDLE: 10000
SC_MG_TYPE_SADDLE: 0
SC_MG_CYCLE_SADDLE: 1
SC_SMOOTHER_SADDLE: 4
SC_PRE_SMOOTH_SADDLE: 2
SC_POST_SMOOTH_SADDLE: 2
SC_SMOOTH_DAMP_FACTOR_SADDLE: 1.000000e+00
SC_SMOOTH_DAMP_FACTOR_FINE_SADDLE: 1.000000e+00
SC_SMOOTH_DAMP_FACTOR_COARSE_SADDLE: 1.000000e+00
SC_COARSE_SMOOTHER_SADDLE: 4
SC_COARSE_MAXIT_SADDLE: 10
SC_COARSE_RED_FACTOR_SADDLE: 1.000000e-01
SC_GMG_DAMP_FACTOR_SADDLE: 1.000000e+00
SC_GMG_DAMP_FACTOR_FINE_SADDLE: 1.000000e+00
SC_COARSEST_LEVEL_SADDLE: 0
SC_FIRST_SOLUTION_LEVEL_SADDLE: 0
SC_STEP_LENGTH_CONTROL_FINE_SADDLE: 0
SC_STEP_LENGTH_CONTROL_ALL_SADDLE: 0
SC_LARGEST_DIRECT_SOLVE: 100
SC_DOWNWIND_TYPE: 0
CC_ALPHA: 3.333333e-01
CC_BETA: 1.000000e-05
CC_MINCLUSTER: 4
CC_MAXCLUSTER: 6
CC_MAXDISTANCE: 2
CC_MAXCONNECTIVITY: 15
CC_DEPTHTARGET: 20
CC_COARSENTARGET: 200
CC_COARSENRATE: 1.200000e+00
CC_MAJOR: -1
CC_DEPENDENCY: 1
CC_RESCALE: 1.800000e+00
CC_VERBOSE: 0
SC_SYSTEM_TYPE: 100
SC_AMG_PREC_IT: 1
SC_AMG_PREC_RED_FACTOR: 5.000000e-01
SC_SMOOTHER_RED_FACTOR: 1.000000e-01
SC_EX_MAXIT: 0
SC_GMRES_RESTART: 10
SC_LCD_START_VECTOR: 0
SC_ILU_BETA: 0.000000e+00
SC_SOR_OMEGA: 1.500000e+00
SC_OMEGA_COARSE_0: 1.000000e+00
SC_OMEGA_P_0: 1.000000e+00
SC_ILUT_TOL: 1.000000e-02
SC_ILUT_ABSOLUTE_FILLIN: 1
SC_ILUT_RELATIVE_FILLIN: 1.000000e+00
SC_ILUT_SORT: 0
SC_SCHUR_INV_OF_A: 3
SC_SCHUR_INV_OF_A_MAXIT: 1
SC_SCHUR_ITERATION_DAMP: 5.000000e-01
SC_SCHUR_ITERATION_MAXIT: 100
SC_SCHUR_STEP_LENGTH_CONTROL: 0
SC_MIXED_BCGS_CGS_SWITCH_TOL: 100
SC_DIV_FACTOR: 1.000000e+10
SC_NONLIN_DIV_FACTOR: 1.000000e+10
SC_SMOOTHING_STEPS: 0
SC_N1_PARAM: 1
SC_N2_PARAM: 1
SC_MINIT: 0
SC_VAS_LAZ_DELTA: 1.000000e+00
SC_ROW_EQUILIBRATION: 0
SC_BRAESS_SARAZIN_MATRIX: 2
SC_BRAESS_SARAZIN_ALPHA: 1.500000e+00
SC_VERBOSE: 0
SC_VERBOSE_AMG: 1
CHAR_L0: 1.000000e+00
D_VISCOSITY: 1.000000e+00
SURF_TENSION: 0.000000e+00
IMPACT_ANGLE: 9.000000e+01
Area: 1.000000e+00
VMS_LARGE_VELOCITY_SPACE: 0
VMS_COARSE_MG_SMAGO: 1
VMS_ADAPT_LOWER: 2.500000e-01
VMS_ADAPT_MIDDLE: 1.000000e+00
VMS_ADAPT_UPPER: 3.000000e+00
VMS_ADAPT_STEPS: 1
VMS_ADAPT_COMP: 1
SUPERCONVERGENCE_ORDER: 0
FEM_FCT_LINEAR_TYPE: 1
FEM_FCT_PRELIMITING: 0
FEM_FCT_GROUP_FEM: 0
GROUP_FEM: 0
WENO_TYPE: 0
WRITE_SNAPSHOTS: 0
DO_ROM: 0
DO_ROM_P: 0
RANK_OF_BASIS: 0
RANK_OF_BASIS_P: 0
POD_INNER_PRODUCT: 1
POD_INNER_PRODUCT_P: 1
BUILD_PODFILE: 0
POD_FILENAME: MooNMD_default_pod_filename
SNAP_FILENAME: MooNMD_default_snap_filename
POD_FLUCT_FIELD: 0
POD_FLUCT_FIELD_P: 0
P_ROM_METHOD: 1
PROJECTION_METHOD: 1
NC_TYPE: 3
CHANNEL_STATISTICS2_WITH_MODEL: 0
BULK_REACTION_DISC: 1
BULK_PB_DISC: 3
BULK_PB_DISC_STAB: 1
BULK_COUPLING: 1
BULK_GROWTH_RATE: 1
BULK_REACTION_MASS_LUMPING: 0
BULK_REACTION_C_CUT: 6.000000e+00
BULK_METHODS_OF_MOMENTS: 0
BULK_MOM_DISC: 2
BULK_SOLD_PARAMETER_TYPE: 51
N_CELL_LAYERS_PSD: 16
N_CELL_LAYERS_PSD_2: 16
OUTPUT_NODE_LAYER_PSD: 1
BULK_l_infty: 1.000000e+00
BULK_u_infty: 1.000000e-03
BULK_c_infty: 1.000000e+00
BULK_c_C_infty_sat: 1.370000e-04
BULK_C_g: 4.598000e+01
BULK_C_nuc: 1.533000e+01
BULK_C_sat: 1.370000e-04
BULK_C_2: 7.200000e-09
BULK_D_A: 1.500000e-09
BULK_D_P_0: 1.000000e-09
BULK_D_P_MAX: 1.000000e-03
BULK_k_g: 1.000000e-07
BULK_k_r: 1.000000e-02
BULK_k_nuc: 1.000000e+24
SSMUM_MP_X: 5.000000e-01
SSMUM_MP_Y: 5.000000e-01
SSMUM_INNER_RADIUS: 2.500000e-01
SSMUM_OUTER_RADIUS: 3.500000e-01
SSMUM_ROT_PER_SECOND: 5.000000e-01
SSMUM_MAX_CELLS_LAYERS: 1024
SSMUM_INTERPOLATION: 0
INPUT_QUAD_RULE: 0
StoDa_interfaceType: 0
StoDa_alpha: 1.000000e+00
StoDa_problemType: 1
StoDa_updatingStrategy: 0
StoDa_theta_f: 1.000000e+00
StoDa_theta_p: 1.000000e+00
StoDa_gamma_f: 1.000000e+00
StoDa_gamma_p: 1.000000e+00
StoDa_weakGamma: 1.000000e+00
StoDa_solutionStrategy: 1.000000e+00
StoDa_StokesFirst: 0
StoDa_algorithm: 1
StoDa_relDiff_interfaceError: 1.000000e-10
StoDa_relDiff_factor1: 1.000000e+00
StoDa_relDiff_factor2: 1.000000e+00
StoDa_relDiff_factor3: 1.000000e+00
StoDa_relDiff_solution: 1.000000e-10
StoDa_bigResidual: 1.000000e-10
StoDa_periodicBoundary: 0
StoDa_periodicBoundaryPressureDrop: 1.000000e+00
StoDa_nIterations: 100
HEAT_TANGENTIAL_STRESS_FACTOR: 0.000000e+00
HEAT_SOLID_SURFACE_FACTOR: 1.000000e+00
EQ_CONTACT_ANGLE: 0.000000e+00
AD_CONTACT_ANGLE: 0.000000e+00
RE_CONTACT_ANGLE: 0.000000e+00
DY_CONTACT_ANGLE: 0.000000e+00
CONTACT_ANGLE_TYPE: 0
CURRENTTIME: 0.000000e+00
CURRENTTIMESTEPLENGTH: 1.000000e+00
TIMESTEPLENGTH: 5.000000e-02
MIN_TIMESTEPLENGTH: 1.000000e-04
MAX_TIMESTEPLENGTH: 5.000000e-01
TIMESTEPLENGTH_TOL: 1.000000e-03
TIMESTEPLENGTH_CONTROL: 0
TIMESTEPLENGTH_CONTROLLER: 0
TIMESTEPLENGTH_PARA_KK_I: 1.000000e+00
TIMESTEPLENGTH_PARA_KK_P: 1.000000e+00
TIMESTEPLENGTH_PARA_KK_E: 1.000000e+00
TIMESTEPLENGTH_PARA_KK_R: 1.000000e+00
TIMESTEPLENGTH_PARA_KK_D: 1.000000e+00
TIMESTEPLENGTH_PARA_FAC: 8.000000e-01
TIMESTEPLENGTH_PARA_FAC_MAX: 5.000000e+00
TIMESTEPLENGTH_PARA_FAC_MIN: 2.000000e-01
TIMESTEPLENGTH_PARA_TOL: 1.000000e+00
TIMESTEPLENGTH_PARA_ATOL: 1.000000e-03
TIMESTEPLENGTH_PARA_RTOL: 1.000000e-03
RESET_CURRENTTIME: 0
RESET_CURRENTTIME_STARTTIME: 0.000000e+00
STEADY_STATE_TOL: 1.000000e-03
SCALE_DIVERGENCE_CONSTRAINT: -1.000000e+00
CONTROL: 0
CONTROL_ALPHA: 1.000000e+00
CONTROL_BETA: 1.000000e+00
CONTROL_GAMMA: 1.000000e+00
CONTROL_SAFTY: 9.000000e-01
CONTROL_MAXSCALE: 5.000000e+00
CONTROL_MINSCALE: 1.000000e-01
THETA1: 1.000000e+00
THETA2: 0.000000e+00
THETA3: 0.000000e+00
THETA4: 1.000000e+00
TIME_DISC: 2
TIME_DISC2: -1
STARTTIME: 0.000000e+00
ENDTIME: 1.000000e+00
T0: 0.000000e+00
T1: 0.000000e+00
T2: 0.000000e+00
T3: 0.000000e+00
T4: 0.000000e+00
T5: 0.000000e+00
T6: 0.000000e+00
T7: 0.000000e+00
T8: 0.000000e+00
T9: 0.000000e+00
STEPS_PER_IMAGE: 10
STEPS_PER_SNAP: 1
RB_TYPE: 3
RB_TYPE2: -1
EXTRAPOLATE_VELOCITY: 0
EXTRAPOLATE_PRESSURE: 0
EXTRAPOLATE_STEPS: 0.000000e+00
EXTRAPOLATE_WEIGHT: 1.000000e+00
Droplet Impinging Heat_axial3D.h
hE : 1.000000e+00
4 vertices were deleted
